<?xml version="1.0" encoding="UTF-8"?>
<!-- Generated by org.testng.reporters.JUnitReportReporter -->
<testsuite skipped="0" hostname="user-PC" name="org.testzoom.leafzoom.TC001.TC001" tests="1" failures="0" timestamp="2020-03-05T14:46:23 IST" time="27.548" errors="0">
  <testcase name="TestCase" time="27.548" classname="org.testzoom.leafzoom.TC001.TC001"/>
</testsuite> <!-- org.testzoom.leafzoom.TC001.TC001 -->
